[2012-11-08 14:11:15] request.ERROR: Symfony\Component\HttpKernel\Exception\NotFoundHttpException: No route found for "GET /css/loader.gif" (uncaught exception) at /media/storage/mydisk/www/sfmobile/public_html/vendor/symfony/src/Symfony/Bundle/FrameworkBundle/EventListener/RouterListener.php line 83 [] []
[2012-11-08 14:11:25] request.ERROR: Symfony\Component\HttpKernel\Exception\NotFoundHttpException: No route found for "GET /css/loader.gif" (uncaught exception) at /media/storage/mydisk/www/sfmobile/public_html/vendor/symfony/src/Symfony/Bundle/FrameworkBundle/EventListener/RouterListener.php line 83 [] []
[2012-11-08 14:18:04] request.ERROR: Symfony\Component\HttpKernel\Exception\NotFoundHttpException: No route found for "GET /css/loader.gif" (uncaught exception) at /media/storage/mydisk/www/sfmobile/public_html/app/cache/prod/classes.php line 4606 [] []
[2012-11-08 14:42:57] request.ERROR: Symfony\Component\HttpKernel\Exception\NotFoundHttpException: No route found for "GET /css/loader.gif" (uncaught exception) at /media/storage/mydisk/www/sfmobile/public_html/app/cache/prod/classes.php line 4606 [] []
[2012-11-08 14:44:32] request.ERROR: Symfony\Component\HttpKernel\Exception\NotFoundHttpException: No route found for "GET /css/loader.gif" (uncaught exception) at /media/storage/mydisk/www/sfmobile/public_html/app/cache/prod/classes.php line 4606 [] []
[2012-11-08 14:44:58] request.ERROR: Symfony\Component\HttpKernel\Exception\NotFoundHttpException: No route found for "GET /css/loader.gif" (uncaught exception) at /media/storage/mydisk/www/sfmobile/public_html/app/cache/prod/classes.php line 4606 [] []
[2012-11-08 14:45:06] request.ERROR: Symfony\Component\HttpKernel\Exception\NotFoundHttpException: No route found for "GET /css/loader.gif" (uncaught exception) at /media/storage/mydisk/www/sfmobile/public_html/app/cache/prod/classes.php line 4606 [] []
[2012-11-08 14:46:17] request.ERROR: Symfony\Component\HttpKernel\Exception\NotFoundHttpException: No route found for "GET /css/loader.gif" (uncaught exception) at /media/storage/mydisk/www/sfmobile/public_html/app/cache/prod/classes.php line 4606 [] []
[2012-11-08 16:14:51] request.ERROR: Symfony\Component\HttpKernel\Exception\NotFoundHttpException: No route found for "GET /images/" (uncaught exception) at /media/storage/mydisk/www/sfmobile/public_html/app/cache/prod/classes.php line 4606 [] []
[2012-11-08 16:15:00] request.ERROR: Symfony\Component\HttpKernel\Exception\NotFoundHttpException: No route found for "GET /images/" (uncaught exception) at /media/storage/mydisk/www/sfmobile/public_html/app/cache/prod/classes.php line 4606 [] []
[2012-11-08 16:15:19] request.ERROR: Symfony\Component\HttpKernel\Exception\NotFoundHttpException: No route found for "GET /images/" (uncaught exception) at /media/storage/mydisk/www/sfmobile/public_html/app/cache/prod/classes.php line 4606 [] []
[2012-11-08 16:15:19] request.ERROR: Symfony\Component\HttpKernel\Exception\NotFoundHttpException: No route found for "GET /images/" (uncaught exception) at /media/storage/mydisk/www/sfmobile/public_html/app/cache/prod/classes.php line 4606 [] []
[2012-11-08 16:15:27] request.ERROR: Symfony\Component\HttpKernel\Exception\NotFoundHttpException: No route found for "GET /images/" (uncaught exception) at /media/storage/mydisk/www/sfmobile/public_html/app/cache/prod/classes.php line 4606 [] []
[2012-11-08 16:15:39] request.ERROR: Symfony\Component\HttpKernel\Exception\NotFoundHttpException: No route found for "GET /images/" (uncaught exception) at /media/storage/mydisk/www/sfmobile/public_html/app/cache/prod/classes.php line 4606 [] []
[2012-11-08 16:15:39] request.ERROR: Symfony\Component\HttpKernel\Exception\NotFoundHttpException: No route found for "GET /images/" (uncaught exception) at /media/storage/mydisk/www/sfmobile/public_html/app/cache/prod/classes.php line 4606 [] []
[2012-11-08 16:15:40] request.ERROR: Symfony\Component\HttpKernel\Exception\NotFoundHttpException: No route found for "GET /images/" (uncaught exception) at /media/storage/mydisk/www/sfmobile/public_html/app/cache/prod/classes.php line 4606 [] []
[2012-11-08 16:15:40] request.ERROR: Symfony\Component\HttpKernel\Exception\NotFoundHttpException: No route found for "GET /images/" (uncaught exception) at /media/storage/mydisk/www/sfmobile/public_html/app/cache/prod/classes.php line 4606 [] []
[2012-11-08 16:16:19] request.ERROR: Symfony\Component\HttpKernel\Exception\NotFoundHttpException: No route found for "GET /css/loader.gif" (uncaught exception) at /media/storage/mydisk/www/sfmobile/public_html/app/cache/prod/classes.php line 4606 [] []
[2012-11-08 16:22:48] request.ERROR: Symfony\Component\HttpKernel\Exception\NotFoundHttpException: No route found for "GET /images/61580.jpg| imagine_filter('thumb_50x50')" (uncaught exception) at /media/storage/mydisk/www/sfmobile/public_html/app/cache/prod/classes.php line 4606 [] []
[2012-11-08 16:22:48] request.ERROR: Symfony\Component\HttpKernel\Exception\NotFoundHttpException: No route found for "GET /images/150024.jpg| imagine_filter('thumb_50x50')" (uncaught exception) at /media/storage/mydisk/www/sfmobile/public_html/app/cache/prod/classes.php line 4606 [] []
[2012-11-08 16:22:48] request.ERROR: Symfony\Component\HttpKernel\Exception\NotFoundHttpException: No route found for "GET /images/150024.jpg| imagine_filter('thumb_50x50')" (uncaught exception) at /media/storage/mydisk/www/sfmobile/public_html/app/cache/prod/classes.php line 4606 [] []
[2012-11-08 16:22:48] request.ERROR: Symfony\Component\HttpKernel\Exception\NotFoundHttpException: No route found for "GET /images/61580.jpg| imagine_filter('thumb_50x50')" (uncaught exception) at /media/storage/mydisk/www/sfmobile/public_html/app/cache/prod/classes.php line 4606 [] []
[2012-11-08 16:28:05] request.ERROR: Symfony\Component\HttpKernel\Exception\NotFoundHttpException: No route found for "GET /css/loader.gif" (uncaught exception) at /media/storage/mydisk/www/sfmobile/public_html/app/cache/prod/classes.php line 4606 [] []
[2012-11-08 16:37:47] request.ERROR: Symfony\Component\HttpKernel\Exception\NotFoundHttpException: No route found for "GET /images/61580.jpg.resize(200, 200)" (uncaught exception) at /media/storage/mydisk/www/sfmobile/public_html/app/cache/prod/classes.php line 4606 [] []
[2012-11-08 16:37:47] request.ERROR: Symfony\Component\HttpKernel\Exception\NotFoundHttpException: No route found for "GET /images/150024.jpg.resize(200, 200)" (uncaught exception) at /media/storage/mydisk/www/sfmobile/public_html/app/cache/prod/classes.php line 4606 [] []
[2012-11-08 16:37:49] request.ERROR: Symfony\Component\HttpKernel\Exception\NotFoundHttpException: No route found for "GET /images/150024.jpg.resize(200, 200)" (uncaught exception) at /media/storage/mydisk/www/sfmobile/public_html/app/cache/prod/classes.php line 4606 [] []
[2012-11-08 16:37:50] request.ERROR: Symfony\Component\HttpKernel\Exception\NotFoundHttpException: No route found for "GET /images/61580.jpg.resize(200, 200)" (uncaught exception) at /media/storage/mydisk/www/sfmobile/public_html/app/cache/prod/classes.php line 4606 [] []
[2012-11-08 16:37:52] request.ERROR: Symfony\Component\HttpKernel\Exception\NotFoundHttpException: No route found for "GET /images/61580.jpg.resize(200, 200)" (uncaught exception) at /media/storage/mydisk/www/sfmobile/public_html/app/cache/prod/classes.php line 4606 [] []
[2012-11-08 16:37:52] request.ERROR: Symfony\Component\HttpKernel\Exception\NotFoundHttpException: No route found for "GET /images/150024.jpg.resize(200, 200)" (uncaught exception) at /media/storage/mydisk/www/sfmobile/public_html/app/cache/prod/classes.php line 4606 [] []
[2012-11-08 16:37:53] request.ERROR: Symfony\Component\HttpKernel\Exception\NotFoundHttpException: No route found for "GET /images/150024.jpg.resize(200, 200)" (uncaught exception) at /media/storage/mydisk/www/sfmobile/public_html/app/cache/prod/classes.php line 4606 [] []
[2012-11-08 16:37:53] request.ERROR: Symfony\Component\HttpKernel\Exception\NotFoundHttpException: No route found for "GET /images/61580.jpg.resize(200, 200)" (uncaught exception) at /media/storage/mydisk/www/sfmobile/public_html/app/cache/prod/classes.php line 4606 [] []
[2012-11-08 16:39:31] request.ERROR: Symfony\Component\HttpKernel\Exception\NotFoundHttpException: No route found for "GET /images/150024.jpg.resize(200, 200)" (uncaught exception) at /media/storage/mydisk/www/sfmobile/public_html/app/cache/prod/classes.php line 4606 [] []
[2012-11-08 16:39:31] request.ERROR: Symfony\Component\HttpKernel\Exception\NotFoundHttpException: No route found for "GET /images/61580.jpg.resize(200, 200)" (uncaught exception) at /media/storage/mydisk/www/sfmobile/public_html/app/cache/prod/classes.php line 4606 [] []
[2012-11-08 16:56:38] request.ERROR: Symfony\Component\HttpKernel\Exception\NotFoundHttpException: No route found for "GET /css/loader.gif" (uncaught exception) at /media/storage/mydisk/www/sfmobile/public_html/app/cache/prod/classes.php line 4606 [] []
[2012-11-08 17:00:21] request.ERROR: Symfony\Component\HttpKernel\Exception\NotFoundHttpException: No route found for "GET /css/loader.gif" (uncaught exception) at /media/storage/mydisk/www/sfmobile/public_html/app/cache/prod/classes.php line 4606 [] []
[2012-11-08 17:04:57] request.ERROR: Symfony\Component\HttpKernel\Exception\NotFoundHttpException: No route found for "GET /images/default_images.jpg" (uncaught exception) at /media/storage/mydisk/www/sfmobile/public_html/app/cache/prod/classes.php line 4606 [] []
[2012-11-08 17:04:58] request.ERROR: Symfony\Component\HttpKernel\Exception\NotFoundHttpException: No route found for "GET /images/default_images.jpg" (uncaught exception) at /media/storage/mydisk/www/sfmobile/public_html/app/cache/prod/classes.php line 4606 [] []
[2012-11-08 17:05:22] request.ERROR: Symfony\Component\HttpKernel\Exception\NotFoundHttpException: No route found for "GET /css/loader.gif" (uncaught exception) at /media/storage/mydisk/www/sfmobile/public_html/app/cache/prod/classes.php line 4606 [] []
[2012-11-08 17:34:11] request.ERROR: Symfony\Component\HttpKernel\Exception\NotFoundHttpException: No route found for "GET /about.html" (uncaught exception) at /media/storage/mydisk/www/sfmobile/public_html/app/cache/prod/classes.php line 4606 [] []
[2012-11-08 18:14:34] request.ERROR: Symfony\Component\HttpKernel\Exception\NotFoundHttpException: No route found for "GET /images/" (uncaught exception) at /media/storage/mydisk/www/sfmobile/public_html/app/cache/prod/classes.php line 4606 [] []
[2012-11-08 18:18:42] request.ERROR: Symfony\Component\HttpKernel\Exception\NotFoundHttpException: No route found for "GET /images/" (uncaught exception) at /media/storage/mydisk/www/sfmobile/public_html/app/cache/prod/classes.php line 4606 [] []
[2012-11-08 18:18:42] request.ERROR: Symfony\Component\HttpKernel\Exception\NotFoundHttpException: No route found for "GET /images/" (uncaught exception) at /media/storage/mydisk/www/sfmobile/public_html/app/cache/prod/classes.php line 4606 [] []
[2012-11-08 18:22:56] request.ERROR: Symfony\Component\HttpKernel\Exception\NotFoundHttpException: No route found for "GET /images/1.jpg" (uncaught exception) at /media/storage/mydisk/www/sfmobile/public_html/app/cache/prod/classes.php line 4606 [] []
[2012-11-08 18:22:56] request.ERROR: Symfony\Component\HttpKernel\Exception\NotFoundHttpException: No route found for "GET /images/" (uncaught exception) at /media/storage/mydisk/www/sfmobile/public_html/app/cache/prod/classes.php line 4606 [] []
[2012-11-08 18:22:57] request.ERROR: Symfony\Component\HttpKernel\Exception\NotFoundHttpException: No route found for "GET /images/" (uncaught exception) at /media/storage/mydisk/www/sfmobile/public_html/app/cache/prod/classes.php line 4606 [] []
[2012-11-08 18:22:57] request.ERROR: Symfony\Component\HttpKernel\Exception\NotFoundHttpException: No route found for "GET /images/1.jpg" (uncaught exception) at /media/storage/mydisk/www/sfmobile/public_html/app/cache/prod/classes.php line 4606 [] []
[2012-11-08 18:23:19] request.ERROR: Symfony\Component\HttpKernel\Exception\NotFoundHttpException: No route found for "GET /images/" (uncaught exception) at /media/storage/mydisk/www/sfmobile/public_html/app/cache/prod/classes.php line 4606 [] []
[2012-11-08 18:23:20] request.ERROR: Symfony\Component\HttpKernel\Exception\NotFoundHttpException: No route found for "GET /images/" (uncaught exception) at /media/storage/mydisk/www/sfmobile/public_html/app/cache/prod/classes.php line 4606 [] []
[2012-11-08 18:25:52] request.ERROR: Symfony\Component\HttpKernel\Exception\NotFoundHttpException: No route found for "GET /images/" (uncaught exception) at /media/storage/mydisk/www/sfmobile/public_html/app/cache/prod/classes.php line 4606 [] []
[2012-11-08 18:25:52] request.ERROR: Symfony\Component\HttpKernel\Exception\NotFoundHttpException: No route found for "GET /images/" (uncaught exception) at /media/storage/mydisk/www/sfmobile/public_html/app/cache/prod/classes.php line 4606 [] []
[2012-11-08 18:27:11] request.ERROR: Symfony\Component\HttpKernel\Exception\NotFoundHttpException: No route found for "GET /images/" (uncaught exception) at /media/storage/mydisk/www/sfmobile/public_html/app/cache/prod/classes.php line 4606 [] []
[2012-11-08 18:27:11] request.ERROR: Symfony\Component\HttpKernel\Exception\NotFoundHttpException: No route found for "GET /images/" (uncaught exception) at /media/storage/mydisk/www/sfmobile/public_html/app/cache/prod/classes.php line 4606 [] []
[2012-11-08 18:28:41] request.ERROR: Symfony\Component\HttpKernel\Exception\NotFoundHttpException: No route found for "GET /images/" (uncaught exception) at /media/storage/mydisk/www/sfmobile/public_html/app/cache/prod/classes.php line 4606 [] []
[2012-11-08 18:28:42] request.ERROR: Symfony\Component\HttpKernel\Exception\NotFoundHttpException: No route found for "GET /images/" (uncaught exception) at /media/storage/mydisk/www/sfmobile/public_html/app/cache/prod/classes.php line 4606 [] []
[2012-11-08 18:29:07] request.ERROR: Symfony\Component\HttpKernel\Exception\NotFoundHttpException: No route found for "GET /images/" (uncaught exception) at /media/storage/mydisk/www/sfmobile/public_html/app/cache/prod/classes.php line 4606 [] []
[2012-11-08 18:29:07] request.ERROR: Symfony\Component\HttpKernel\Exception\NotFoundHttpException: No route found for "GET /images/" (uncaught exception) at /media/storage/mydisk/www/sfmobile/public_html/app/cache/prod/classes.php line 4606 [] []
[2012-11-08 18:31:16] request.ERROR: Symfony\Component\HttpKernel\Exception\NotFoundHttpException: No route found for "GET /images/3.jpg" (uncaught exception) at /media/storage/mydisk/www/sfmobile/public_html/app/cache/prod/classes.php line 4606 [] []
[2012-11-08 18:31:16] request.ERROR: Symfony\Component\HttpKernel\Exception\NotFoundHttpException: No route found for "GET /images/" (uncaught exception) at /media/storage/mydisk/www/sfmobile/public_html/app/cache/prod/classes.php line 4606 [] []
[2012-11-08 18:31:16] request.ERROR: Symfony\Component\HttpKernel\Exception\NotFoundHttpException: No route found for "GET /images/3.jpg" (uncaught exception) at /media/storage/mydisk/www/sfmobile/public_html/app/cache/prod/classes.php line 4606 [] []
[2012-11-08 18:31:16] request.ERROR: Symfony\Component\HttpKernel\Exception\NotFoundHttpException: No route found for "GET /images/" (uncaught exception) at /media/storage/mydisk/www/sfmobile/public_html/app/cache/prod/classes.php line 4606 [] []
[2012-11-08 18:31:31] request.ERROR: Symfony\Component\HttpKernel\Exception\NotFoundHttpException: No route found for "GET /images/3.jpg" (uncaught exception) at /media/storage/mydisk/www/sfmobile/public_html/app/cache/prod/classes.php line 4606 [] []
[2012-11-08 18:31:31] request.ERROR: Symfony\Component\HttpKernel\Exception\NotFoundHttpException: No route found for "GET /images/" (uncaught exception) at /media/storage/mydisk/www/sfmobile/public_html/app/cache/prod/classes.php line 4606 [] []
[2012-11-08 18:31:32] request.ERROR: Symfony\Component\HttpKernel\Exception\NotFoundHttpException: No route found for "GET /images/3.jpg" (uncaught exception) at /media/storage/mydisk/www/sfmobile/public_html/app/cache/prod/classes.php line 4606 [] []
[2012-11-08 18:31:32] request.ERROR: Symfony\Component\HttpKernel\Exception\NotFoundHttpException: No route found for "GET /images/" (uncaught exception) at /media/storage/mydisk/www/sfmobile/public_html/app/cache/prod/classes.php line 4606 [] []
[2012-11-08 18:32:04] request.ERROR: Symfony\Component\HttpKernel\Exception\NotFoundHttpException: No route found for "GET /images/" (uncaught exception) at /media/storage/mydisk/www/sfmobile/public_html/app/cache/prod/classes.php line 4606 [] []
[2012-11-08 18:32:05] request.ERROR: Symfony\Component\HttpKernel\Exception\NotFoundHttpException: No route found for "GET /images/" (uncaught exception) at /media/storage/mydisk/www/sfmobile/public_html/app/cache/prod/classes.php line 4606 [] []
[2012-11-09 11:36:46] request.ERROR: Symfony\Component\HttpKernel\Exception\NotFoundHttpException: No route found for "GET /contact.html" (uncaught exception) at /media/storage/mydisk/www/sfmobile/public_html/app/cache/prod/classes.php line 4606 [] []
[2012-11-09 11:37:10] request.ERROR: Symfony\Component\HttpKernel\Exception\NotFoundHttpException: No route found for "GET /contact.html" (uncaught exception) at /media/storage/mydisk/www/sfmobile/public_html/app/cache/prod/classes.php line 4606 [] []
[2012-11-09 11:37:28] request.ERROR: Symfony\Component\HttpKernel\Exception\NotFoundHttpException: No route found for "GET /contact" (uncaught exception) at /media/storage/mydisk/www/sfmobile/public_html/app/cache/prod/classes.php line 4606 [] []
[2012-11-09 13:10:17] request.ERROR: Symfony\Component\HttpKernel\Exception\NotFoundHttpException: No route found for "GET /jquery.mobile-1.0.min.css" (uncaught exception) at /media/storage/mydisk/www/sfmobile/public_html/app/cache/prod/classes.php line 4606 [] []
[2012-11-09 13:10:24] request.ERROR: Symfony\Component\HttpKernel\Exception\NotFoundHttpException: No route found for "GET /jquery.mobile-1.0.min.css" (uncaught exception) at /media/storage/mydisk/www/sfmobile/public_html/app/cache/prod/classes.php line 4606 [] []
[2012-11-09 13:10:35] request.ERROR: Symfony\Component\HttpKernel\Exception\NotFoundHttpException: No route found for "GET /css/images/icons-18-white.png" (uncaught exception) at /media/storage/mydisk/www/sfmobile/public_html/app/cache/prod/classes.php line 4606 [] []
[2012-11-09 13:10:35] request.ERROR: Symfony\Component\HttpKernel\Exception\NotFoundHttpException: No route found for "GET /css/images/ajax-loader.png" (uncaught exception) at /media/storage/mydisk/www/sfmobile/public_html/app/cache/prod/classes.php line 4606 [] []
[2012-11-09 13:14:33] request.ERROR: Symfony\Component\HttpKernel\Exception\NotFoundHttpException: No route found for "GET /css/images/ajax-loader.png" (uncaught exception) at /media/storage/mydisk/www/sfmobile/public_html/app/cache/prod/classes.php line 4606 [] []
[2012-11-09 13:14:39] request.ERROR: Symfony\Component\HttpKernel\Exception\NotFoundHttpException: No route found for "GET /css/images/ajax-loader.png" (uncaught exception) at /media/storage/mydisk/www/sfmobile/public_html/app/cache/prod/classes.php line 4606 [] []
[2012-11-09 13:28:20] request.ERROR: Symfony\Component\HttpKernel\Exception\NotFoundHttpException: No route found for "GET /css/images/ajax-loader.png" (uncaught exception) at /media/storage/mydisk/www/sfmobile/public_html/app/cache/prod/classes.php line 4606 [] []
[2012-11-09 13:30:26] request.ERROR: Symfony\Component\HttpKernel\Exception\NotFoundHttpException: No route found for "GET /css/images/ajax-loader.png" (uncaught exception) at /media/storage/mydisk/www/sfmobile/public_html/app/cache/prod/classes.php line 4606 [] []
[2012-11-09 13:30:49] request.ERROR: Symfony\Component\HttpKernel\Exception\NotFoundHttpException: No route found for "GET /css/images/ajax-loader.png" (uncaught exception) at /media/storage/mydisk/www/sfmobile/public_html/app/cache/prod/classes.php line 4606 [] []
[2012-11-12 12:44:35] request.ERROR: Symfony\Component\HttpKernel\Exception\NotFoundHttpException: No route found for "GET /login" (uncaught exception) at /media/storage/mydisk/www/sfmobile/public_html/app/cache/prod/classes.php line 4606 [] []
